16:26:10.045  [INFO ] e.v.w.u.Driver  msg: Bootstrapping the application...
16:26:10.213  [INFO ] e.v.w.m.SimLogicWave msg: scaling is not set, setting to 1 by default
16:26:10.215  [INFO ] e.v.w.m.ConwayGameOfLifeLogic msg: scaling is not set, setting to 1 by default
23:15:57.468  [INFO ] e.v.w.u.Driver  msg: Bootstrapping the application...
23:15:57.676  [INFO ] e.v.w.m.SimLogicWave msg: scaling is not set, setting to 1 by default
23:15:57.678  [INFO ] e.v.w.m.ConwayGameOfLifeLogic msg: scaling is not set, setting to 1 by default
23:27:22.473  [INFO ] e.v.w.u.Driver  msg: Bootstrapping the application...
23:27:22.706  [INFO ] e.v.w.m.SimLogicWave msg: scaling is not set, setting to 1 by default
23:27:22.707  [INFO ] e.v.w.m.ConwayGameOfLifeLogic msg: scaling is not set, setting to 1 by default
23:45:59.147  [INFO ] e.v.w.u.Driver  msg: Bootstrapping the application...
23:45:59.368  [INFO ] e.v.w.m.SimLogicWave msg: scaling is not set, setting to 1 by default
23:45:59.371  [INFO ] e.v.w.m.ConwayGameOfLifeLogic msg: scaling is not set, setting to 1 by default
23:54:48.192  [INFO ] e.v.w.u.Driver  msg: Bootstrapping the application...
23:54:48.390  [INFO ] e.v.w.m.SimLogicWave msg: scaling is not set, setting to 1 by default
23:54:48.391  [INFO ] e.v.w.m.ConwayGameOfLifeLogic msg: scaling is not set, setting to 1 by default
21:31:29.547  [INFO ] e.v.w.u.Driver  msg: Bootstrapping the application...
21:31:29.907  [INFO ] e.v.w.m.SimLogicWave msg: scaling is not set, setting to 1 by default
21:31:29.910  [INFO ] e.v.w.m.ConwayGameOfLifeLogic msg: scaling is not set, setting to 1 by default
21:35:10.056  [INFO ] e.v.w.u.Driver  msg: Bootstrapping the application...
21:35:10.268  [INFO ] e.v.w.m.SimLogicWave msg: scaling is not set, setting to 1 by default
21:35:10.270  [INFO ] e.v.w.m.ConwayGameOfLifeLogic msg: scaling is not set, setting to 1 by default
08:04:39.229  [INFO ] e.v.w.u.Driver  msg: Bootstrapping the application...
08:04:39.442  [INFO ] e.v.w.m.SimLogicWave msg: scaling is not set, setting to 1 by default
08:04:39.443  [INFO ] e.v.w.m.ConwayGameOfLifeLogic msg: scaling is not set, setting to 1 by default
08:16:29.555  [INFO ] e.v.w.u.Driver  msg: Bootstrapping the application...
08:16:29.768  [INFO ] e.v.w.m.SimLogicWave msg: scaling is not set, setting to 1 by default
08:16:29.770  [INFO ] e.v.w.m.ConwayGameOfLifeLogic msg: scaling is not set, setting to 1 by default
08:47:54.956  [INFO ] e.v.w.MainApp   msg: Bootstrapping the application...
08:47:55.169  [INFO ] e.v.w.m.SimLogicWave msg: scaling is not set, setting to 1 by default
08:47:55.171  [INFO ] e.v.w.m.ConwayGameOfLifeLogic msg: scaling is not set, setting to 1 by default
08:47:55.173  [INFO ] e.v.w.m.SimRPC  msg: scaling is not set, setting to 1 by default
08:50:44.495  [INFO ] e.v.w.MainApp   msg: Bootstrapping the application...
08:50:44.707  [INFO ] e.v.w.m.SimLogicWave msg: scaling is not set, setting to 1 by default
08:50:44.709  [INFO ] e.v.w.m.ConwayGameOfLifeLogic msg: scaling is not set, setting to 1 by default
08:50:44.711  [INFO ] e.v.w.m.SimRPC  msg: scaling is not set, setting to 1 by default
08:58:58.474  [INFO ] e.v.w.MainApp   msg: Bootstrapping the application...
08:58:58.666  [INFO ] e.v.w.m.SimLogicWave msg: scaling is not set, setting to 1 by default
08:58:58.668  [INFO ] e.v.w.m.ConwayGameOfLifeLogic msg: scaling is not set, setting to 1 by default
08:58:58.670  [INFO ] e.v.w.m.SimRPC  msg: scaling is not set, setting to 1 by default
08:59:34.228  [INFO ] e.v.w.MainApp   msg: Bootstrapping the application...
08:59:34.433  [INFO ] e.v.w.m.SimLogicWave msg: scaling is not set, setting to 1 by default
08:59:34.434  [INFO ] e.v.w.m.ConwayGameOfLifeLogic msg: scaling is not set, setting to 1 by default
08:59:34.437  [INFO ] e.v.w.m.SimRPC  msg: scaling is not set, setting to 1 by default
09:09:59.513  [INFO ] e.v.w.MainApp   msg: Bootstrapping the application...
09:09:59.725  [INFO ] e.v.w.m.SimLogicWave msg: scaling is not set, setting to 1 by default
09:09:59.727  [INFO ] e.v.w.m.ConwayGameOfLifeLogic msg: scaling is not set, setting to 1 by default
09:09:59.729  [INFO ] e.v.w.m.SimRPC  msg: scaling is not set, setting to 1 by default
09:10:38.137  [INFO ] e.v.w.MainApp   msg: Bootstrapping the application...
09:10:38.340  [INFO ] e.v.w.m.SimLogicWave msg: scaling is not set, setting to 1 by default
09:10:38.342  [INFO ] e.v.w.m.ConwayGameOfLifeLogic msg: scaling is not set, setting to 1 by default
09:10:38.344  [INFO ] e.v.w.m.SimRPC  msg: scaling is not set, setting to 1 by default
09:44:00.839  [INFO ] e.v.w.MainApp   msg: Bootstrapping the application...
09:44:01.094  [INFO ] e.v.w.m.SimLogicWave msg: scaling is not set, setting to 1 by default
09:44:01.095  [INFO ] e.v.w.m.ConwayGameOfLifeLogic msg: scaling is not set, setting to 1 by default
09:44:01.098  [INFO ] e.v.w.m.SimRPC  msg: scaling is not set, setting to 1 by default
09:45:31.311  [INFO ] e.v.w.MainApp   msg: Bootstrapping the application...
09:45:31.561  [INFO ] e.v.w.m.SimLogicWave msg: scaling is not set, setting to 1 by default
09:45:31.564  [INFO ] e.v.w.m.ConwayGameOfLifeLogic msg: scaling is not set, setting to 1 by default
09:45:31.566  [INFO ] e.v.w.m.SimRPC  msg: scaling is not set, setting to 1 by default
11:07:15.521  [INFO ] e.v.w.MainApp   msg: Bootstrapping the application...
11:07:15.763  [INFO ] e.v.w.m.SimLogicWave msg: scaling is not set, setting to 1 by default
11:07:15.765  [INFO ] e.v.w.m.ConwayGameOfLifeLogic msg: scaling is not set, setting to 1 by default
11:07:15.768  [INFO ] e.v.w.m.SimRPC  msg: scaling is not set, setting to 1 by default
12:50:11.187  [INFO ] e.v.w.MainApp   msg: Bootstrapping the application...
12:50:11.429  [INFO ] e.v.w.m.SimLogicWave msg: scaling is not set, setting to 1 by default
12:50:11.431  [INFO ] e.v.w.m.ConwayGameOfLifeLogic msg: scaling is not set, setting to 1 by default
12:50:11.433  [INFO ] e.v.w.m.SimRPC  msg: scaling is not set, setting to 1 by default
16:49:19.000  [INFO ] e.v.w.MainApp   msg: Bootstrapping the application...
16:49:19.193  [INFO ] e.v.w.m.SimLogicWave msg: scaling is not set, setting to 1 by default
16:49:19.193  [INFO ] e.v.w.m.ConwayGameOfLifeLogic msg: scaling is not set, setting to 1 by default
16:49:19.194  [INFO ] e.v.w.m.SimRPC  msg: scaling is not set, setting to 1 by default
16:52:09.091  [INFO ] e.v.w.MainApp   msg: Bootstrapping the application...
16:52:09.287  [INFO ] e.v.w.m.SimLogicWave msg: scaling is not set, setting to 1 by default
16:52:09.288  [INFO ] e.v.w.m.ConwayGameOfLifeLogic msg: scaling is not set, setting to 1 by default
16:52:09.289  [INFO ] e.v.w.m.SimRPC  msg: scaling is not set, setting to 1 by default
16:57:13.488  [INFO ] e.v.w.MainApp   msg: Bootstrapping the application...
16:57:13.675  [INFO ] e.v.w.m.SimLogicWave msg: scaling is not set, setting to 1 by default
16:57:13.676  [INFO ] e.v.w.m.ConwayGameOfLifeLogic msg: scaling is not set, setting to 1 by default
16:57:13.677  [INFO ] e.v.w.m.SimRPC  msg: scaling is not set, setting to 1 by default
17:04:25.658  [INFO ] e.v.w.MainApp   msg: Bootstrapping the application...
17:04:25.854  [INFO ] e.v.w.m.SimLogicWave msg: scaling is not set, setting to 1 by default
17:04:25.855  [INFO ] e.v.w.m.ConwayGameOfLifeLogic msg: scaling is not set, setting to 1 by default
17:04:25.856  [INFO ] e.v.w.m.SimRPC  msg: scaling is not set, setting to 1 by default
17:08:42.864  [INFO ] e.v.w.MainApp   msg: Bootstrapping the application...
17:08:43.055  [INFO ] e.v.w.m.SimLogicWave msg: scaling is not set, setting to 1 by default
17:08:43.056  [INFO ] e.v.w.m.ConwayGameOfLifeLogic msg: scaling is not set, setting to 1 by default
17:08:43.057  [INFO ] e.v.w.m.SimRPC  msg: scaling is not set, setting to 1 by default
17:09:15.323  [INFO ] e.v.w.MainApp   msg: Bootstrapping the application...
17:09:15.495  [INFO ] e.v.w.m.SimLogicWave msg: scaling is not set, setting to 1 by default
17:09:15.496  [INFO ] e.v.w.m.ConwayGameOfLifeLogic msg: scaling is not set, setting to 1 by default
17:09:15.497  [INFO ] e.v.w.m.SimRPC  msg: scaling is not set, setting to 1 by default
17:10:09.872  [INFO ] e.v.w.MainApp   msg: Bootstrapping the application...
17:10:10.061  [INFO ] e.v.w.m.SimLogicWave msg: scaling is not set, setting to 1 by default
17:10:10.062  [INFO ] e.v.w.m.ConwayGameOfLifeLogic msg: scaling is not set, setting to 1 by default
17:10:10.064  [INFO ] e.v.w.m.SimRPC  msg: scaling is not set, setting to 1 by default
15:10:45.717  [INFO ] e.v.w.MainApp   msg: Bootstrapping the application...
15:10:45.944  [INFO ] e.v.w.m.SimLogicWave msg: scaling is not set, setting to 1 by default
15:10:45.945  [INFO ] e.v.w.m.ConwayGameOfLifeLogic msg: scaling is not set, setting to 1 by default
15:10:45.946  [INFO ] e.v.w.m.SimRPC  msg: scaling is not set, setting to 1 by default
15:13:48.080  [INFO ] e.v.w.MainApp   msg: Bootstrapping the application...
15:13:48.324  [INFO ] e.v.w.m.SimLogicWave msg: scaling is not set, setting to 1 by default
15:13:48.325  [INFO ] e.v.w.m.ConwayGameOfLifeLogic msg: scaling is not set, setting to 1 by default
15:13:48.327  [INFO ] e.v.w.m.SimRPC  msg: scaling is not set, setting to 1 by default
15:13:48.335  [INFO ] e.v.w.m.SimLangtonAnt msg: scaling is not set, setting to 1 by default
15:13:48.336  [ERROR] e.v.w.MainApp   msg: 
/C:/Users/loovd/OneDrive/Documents/GitHub/wave-simulation/build/resources/main/fxml/mainAppFXML.fxml

javafx.fxml.LoadException: 
/C:/Users/loovd/OneDrive/Documents/GitHub/wave-simulation/build/resources/main/fxml/mainAppFXML.fxml

	at javafx.fxml@20.0.2/javafx.fxml.FXMLLoader.constructLoadException(FXMLLoader.java:2722)
	at javafx.fxml@20.0.2/javafx.fxml.FXMLLoader.loadImpl(FXMLLoader.java:2692)
	at javafx.fxml@20.0.2/javafx.fxml.FXMLLoader.loadImpl(FXMLLoader.java:2563)
	at javafx.fxml@20.0.2/javafx.fxml.FXMLLoader.load(FXMLLoader.java:2531)
	at edu.vanier.waveSim.MainApp.start(MainApp.java:41)
	at javafx.graphics@20.0.2/com.sun.javafx.application.LauncherImpl.lambda$launchApplication1$9(LauncherImpl.java:839)
	at javafx.graphics@20.0.2/com.sun.javafx.application.PlatformImpl.lambda$runAndWait$12(PlatformImpl.java:483)
	at javafx.graphics@20.0.2/com.sun.javafx.application.PlatformImpl.lambda$runLater$10(PlatformImpl.java:456)
	at java.base/java.security.AccessController.doPrivileged(AccessController.java:399)
	at javafx.graphics@20.0.2/com.sun.javafx.application.PlatformImpl.lambda$runLater$11(PlatformImpl.java:455)
	at javafx.graphics@20.0.2/com.sun.glass.ui.InvokeLaterDispatcher$Future.run(InvokeLaterDispatcher.java:95)
	at javafx.graphics@20.0.2/com.sun.glass.ui.win.WinApplication._runLoop(Native Method)
	at javafx.graphics@20.0.2/com.sun.glass.ui.win.WinApplication.lambda$runLoop$3(WinApplication.java:185)
	at java.base/java.lang.Thread.run(Thread.java:833)
Caused by: java.lang.reflect.InvocationTargetException: null
	at java.base/jdk.internal.reflect.NativeMethodAccessorImpl.invoke0(Native Method)
	at java.base/jdk.internal.reflect.NativeMethodAccessorImpl.invoke(NativeMethodAccessorImpl.java:77)
	at java.base/jdk.internal.reflect.DelegatingMethodAccessorImpl.invoke(DelegatingMethodAccessorImpl.java:43)
	at java.base/java.lang.reflect.Method.invoke(Method.java:568)
	at com.sun.javafx.reflect.Trampoline.invoke(MethodUtil.java:72)
	at jdk.internal.reflect.GeneratedMethodAccessor2.invoke(Unknown Source)
	at java.base/jdk.internal.reflect.DelegatingMethodAccessorImpl.invoke(DelegatingMethodAccessorImpl.java:43)
	at java.base/java.lang.reflect.Method.invoke(Method.java:568)
	at javafx.base@20.0.2/com.sun.javafx.reflect.MethodUtil.invoke(MethodUtil.java:270)
	at javafx.fxml@20.0.2/com.sun.javafx.fxml.MethodHelper.invoke(MethodHelper.java:84)
	at javafx.fxml@20.0.2/javafx.fxml.FXMLLoader.loadImpl(FXMLLoader.java:2688)
	... 12 common frames omitted
Caused by: java.lang.ArrayIndexOutOfBoundsException: Index 4 out of bounds for length 4
	at edu.vanier.waveSim.controllers.FXMLMainAppController.initialize(FXMLMainAppController.java:234)
	... 23 common frames omitted
15:14:22.594  [INFO ] e.v.w.MainApp   msg: Bootstrapping the application...
15:14:22.816  [INFO ] e.v.w.m.SimLogicWave msg: scaling is not set, setting to 1 by default
15:14:22.818  [INFO ] e.v.w.m.ConwayGameOfLifeLogic msg: scaling is not set, setting to 1 by default
15:14:22.825  [INFO ] e.v.w.m.SimRPC  msg: scaling is not set, setting to 1 by default
15:14:22.827  [INFO ] e.v.w.m.SimLangtonAnt msg: scaling is not set, setting to 1 by default
15:16:46.896  [INFO ] e.v.w.MainApp   msg: Bootstrapping the application...
15:16:47.141  [INFO ] e.v.w.m.SimLogicWave msg: scaling is not set, setting to 1 by default
15:16:47.143  [INFO ] e.v.w.m.ConwayGameOfLifeLogic msg: scaling is not set, setting to 1 by default
15:16:47.151  [INFO ] e.v.w.m.SimRPC  msg: scaling is not set, setting to 1 by default
15:16:47.153  [INFO ] e.v.w.m.SimLangtonAnt msg: scaling is not set, setting to 1 by default
15:23:19.456  [INFO ] e.v.w.MainApp   msg: Bootstrapping the application...
15:23:19.689  [INFO ] e.v.w.m.SimLogicWave msg: scaling is not set, setting to 1 by default
15:23:19.690  [INFO ] e.v.w.m.ConwayGameOfLifeLogic msg: scaling is not set, setting to 1 by default
15:23:19.691  [INFO ] e.v.w.m.SimRPC  msg: scaling is not set, setting to 1 by default
15:23:19.699  [INFO ] e.v.w.m.SimLangtonAnt msg: scaling is not set, setting to 1 by default
15:25:36.268  [INFO ] e.v.w.MainApp   msg: Bootstrapping the application...
15:25:36.508  [INFO ] e.v.w.m.SimLogicWave msg: scaling is not set, setting to 1 by default
15:25:36.509  [INFO ] e.v.w.m.ConwayGameOfLifeLogic msg: scaling is not set, setting to 1 by default
15:25:36.510  [INFO ] e.v.w.m.SimRPC  msg: scaling is not set, setting to 1 by default
15:25:36.518  [INFO ] e.v.w.m.SimLangtonAnt msg: scaling is not set, setting to 1 by default
15:27:56.644  [INFO ] e.v.w.MainApp   msg: Bootstrapping the application...
15:27:56.878  [INFO ] e.v.w.m.SimLogicWave msg: scaling is not set, setting to 1 by default
15:27:56.878  [INFO ] e.v.w.m.ConwayGameOfLifeLogic msg: scaling is not set, setting to 1 by default
15:27:56.879  [INFO ] e.v.w.m.SimRPC  msg: scaling is not set, setting to 1 by default
15:27:56.888  [INFO ] e.v.w.m.SimLangtonAnt msg: scaling is not set, setting to 1 by default
15:29:25.065  [INFO ] e.v.w.MainApp   msg: Bootstrapping the application...
15:29:25.328  [INFO ] e.v.w.m.SimLogicWave msg: scaling is not set, setting to 1 by default
15:29:25.329  [INFO ] e.v.w.m.ConwayGameOfLifeLogic msg: scaling is not set, setting to 1 by default
15:29:25.337  [INFO ] e.v.w.m.SimRPC  msg: scaling is not set, setting to 1 by default
15:29:25.340  [INFO ] e.v.w.m.SimLangtonAnt msg: scaling is not set, setting to 1 by default
15:30:07.812  [INFO ] e.v.w.MainApp   msg: Bootstrapping the application...
15:30:08.073  [INFO ] e.v.w.m.SimLogicWave msg: scaling is not set, setting to 1 by default
15:30:08.074  [INFO ] e.v.w.m.ConwayGameOfLifeLogic msg: scaling is not set, setting to 1 by default
15:30:08.076  [INFO ] e.v.w.m.SimRPC  msg: scaling is not set, setting to 1 by default
15:30:08.084  [INFO ] e.v.w.m.SimLangtonAnt msg: scaling is not set, setting to 1 by default
15:31:40.987  [INFO ] e.v.w.MainApp   msg: Bootstrapping the application...
15:31:41.233  [INFO ] e.v.w.m.SimLogicWave msg: scaling is not set, setting to 1 by default
15:31:41.234  [INFO ] e.v.w.m.ConwayGameOfLifeLogic msg: scaling is not set, setting to 1 by default
15:31:41.241  [INFO ] e.v.w.m.SimRPC  msg: scaling is not set, setting to 1 by default
15:31:41.243  [INFO ] e.v.w.m.SimLangtonAnt msg: scaling is not set, setting to 1 by default
16:01:29.576  [INFO ] e.v.w.MainApp   msg: Bootstrapping the application...
16:01:29.820  [INFO ] e.v.w.m.SimLogicWave msg: scaling is not set, setting to 1 by default
16:01:29.821  [INFO ] e.v.w.m.ConwayGameOfLifeLogic msg: scaling is not set, setting to 1 by default
16:01:29.829  [INFO ] e.v.w.m.SimRPC  msg: scaling is not set, setting to 1 by default
16:01:29.831  [INFO ] e.v.w.m.SimLangtonAnt msg: scaling is not set, setting to 1 by default
16:02:06.774  [INFO ] e.v.w.MainApp   msg: Bootstrapping the application...
16:02:07.001  [INFO ] e.v.w.m.SimLogicWave msg: scaling is not set, setting to 1 by default
16:02:07.002  [INFO ] e.v.w.m.ConwayGameOfLifeLogic msg: scaling is not set, setting to 1 by default
16:02:07.003  [INFO ] e.v.w.m.SimRPC  msg: scaling is not set, setting to 1 by default
16:02:07.011  [INFO ] e.v.w.m.SimLangtonAnt msg: scaling is not set, setting to 1 by default
16:04:45.962  [INFO ] e.v.w.MainApp   msg: Bootstrapping the application...
16:04:46.208  [INFO ] e.v.w.m.SimLogicWave msg: scaling is not set, setting to 1 by default
16:04:46.209  [INFO ] e.v.w.m.ConwayGameOfLifeLogic msg: scaling is not set, setting to 1 by default
16:04:46.216  [INFO ] e.v.w.m.SimRPC  msg: scaling is not set, setting to 1 by default
16:04:46.218  [INFO ] e.v.w.m.SimLangtonAnt msg: scaling is not set, setting to 1 by default
16:05:33.866  [INFO ] e.v.w.MainApp   msg: Bootstrapping the application...
16:05:34.090  [INFO ] e.v.w.m.SimLogicWave msg: scaling is not set, setting to 1 by default
16:05:34.090  [INFO ] e.v.w.m.ConwayGameOfLifeLogic msg: scaling is not set, setting to 1 by default
16:05:34.091  [INFO ] e.v.w.m.SimRPC  msg: scaling is not set, setting to 1 by default
16:05:34.098  [INFO ] e.v.w.m.SimLangtonAnt msg: scaling is not set, setting to 1 by default
16:06:07.126  [INFO ] e.v.w.MainApp   msg: Bootstrapping the application...
16:06:07.354  [INFO ] e.v.w.m.SimLogicWave msg: scaling is not set, setting to 1 by default
16:06:07.355  [INFO ] e.v.w.m.ConwayGameOfLifeLogic msg: scaling is not set, setting to 1 by default
16:06:07.356  [INFO ] e.v.w.m.SimRPC  msg: scaling is not set, setting to 1 by default
16:06:07.364  [INFO ] e.v.w.m.SimLangtonAnt msg: scaling is not set, setting to 1 by default
16:08:28.210  [INFO ] e.v.w.MainApp   msg: Bootstrapping the application...
16:08:28.455  [INFO ] e.v.w.m.SimLogicWave msg: scaling is not set, setting to 1 by default
16:08:28.457  [INFO ] e.v.w.m.ConwayGameOfLifeLogic msg: scaling is not set, setting to 1 by default
16:08:28.466  [INFO ] e.v.w.m.SimRPC  msg: scaling is not set, setting to 1 by default
16:08:28.469  [INFO ] e.v.w.m.SimLangtonAnt msg: scaling is not set, setting to 1 by default
16:38:39.366  [INFO ] e.v.w.MainApp   msg: Bootstrapping the application...
16:38:39.706  [INFO ] e.v.w.m.SimLogicWave msg: scaling is not set, setting to 1 by default
16:38:39.707  [INFO ] e.v.w.m.ConwayGameOfLifeLogic msg: scaling is not set, setting to 1 by default
16:38:39.715  [INFO ] e.v.w.m.SimRPC  msg: scaling is not set, setting to 1 by default
16:38:39.717  [INFO ] e.v.w.m.ForestFire msg: scaling is not set, setting to 1 by default
16:41:45.952  [INFO ] e.v.w.MainApp   msg: Bootstrapping the application...
16:41:46.214  [INFO ] e.v.w.m.SimLogicWave msg: scaling is not set, setting to 1 by default
16:41:46.216  [INFO ] e.v.w.m.ConwayGameOfLifeLogic msg: scaling is not set, setting to 1 by default
16:41:46.217  [INFO ] e.v.w.m.SimRPC  msg: scaling is not set, setting to 1 by default
16:41:46.226  [INFO ] e.v.w.m.ForestFire msg: scaling is not set, setting to 1 by default
16:42:31.418  [INFO ] e.v.w.MainApp   msg: Bootstrapping the application...
16:42:31.662  [INFO ] e.v.w.m.SimLogicWave msg: scaling is not set, setting to 1 by default
16:42:31.663  [INFO ] e.v.w.m.ConwayGameOfLifeLogic msg: scaling is not set, setting to 1 by default
16:42:31.671  [INFO ] e.v.w.m.SimRPC  msg: scaling is not set, setting to 1 by default
16:42:31.673  [INFO ] e.v.w.m.ForestFire msg: scaling is not set, setting to 1 by default
16:43:28.984  [INFO ] e.v.w.MainApp   msg: Bootstrapping the application...
16:43:29.213  [INFO ] e.v.w.m.SimLogicWave msg: scaling is not set, setting to 1 by default
16:43:29.214  [INFO ] e.v.w.m.ConwayGameOfLifeLogic msg: scaling is not set, setting to 1 by default
16:43:29.215  [INFO ] e.v.w.m.SimRPC  msg: scaling is not set, setting to 1 by default
16:43:29.223  [INFO ] e.v.w.m.ForestFire msg: scaling is not set, setting to 1 by default
16:44:21.345  [INFO ] e.v.w.MainApp   msg: Bootstrapping the application...
16:44:21.671  [INFO ] e.v.w.m.SimLogicWave msg: scaling is not set, setting to 1 by default
16:44:21.672  [INFO ] e.v.w.m.ConwayGameOfLifeLogic msg: scaling is not set, setting to 1 by default
16:44:21.680  [INFO ] e.v.w.m.SimRPC  msg: scaling is not set, setting to 1 by default
16:44:21.681  [INFO ] e.v.w.m.ForestFire msg: scaling is not set, setting to 1 by default
16:44:57.120  [INFO ] e.v.w.MainApp   msg: Bootstrapping the application...
16:44:57.360  [INFO ] e.v.w.m.SimLogicWave msg: scaling is not set, setting to 1 by default
16:44:57.361  [INFO ] e.v.w.m.ConwayGameOfLifeLogic msg: scaling is not set, setting to 1 by default
16:44:57.368  [INFO ] e.v.w.m.SimRPC  msg: scaling is not set, setting to 1 by default
16:44:57.371  [INFO ] e.v.w.m.ForestFire msg: scaling is not set, setting to 1 by default
16:46:09.631  [INFO ] e.v.w.MainApp   msg: Bootstrapping the application...
16:46:09.910  [INFO ] e.v.w.m.SimLogicWave msg: scaling is not set, setting to 1 by default
16:46:09.911  [INFO ] e.v.w.m.ConwayGameOfLifeLogic msg: scaling is not set, setting to 1 by default
16:46:09.918  [INFO ] e.v.w.m.SimRPC  msg: scaling is not set, setting to 1 by default
16:46:09.919  [INFO ] e.v.w.m.ForestFire msg: scaling is not set, setting to 1 by default
16:48:18.268  [INFO ] e.v.w.MainApp   msg: Bootstrapping the application...
16:48:18.553  [INFO ] e.v.w.m.SimLogicWave msg: scaling is not set, setting to 1 by default
16:48:18.555  [INFO ] e.v.w.m.ConwayGameOfLifeLogic msg: scaling is not set, setting to 1 by default
16:48:18.556  [INFO ] e.v.w.m.SimRPC  msg: scaling is not set, setting to 1 by default
16:48:18.566  [INFO ] e.v.w.m.ForestFire msg: scaling is not set, setting to 1 by default
16:48:44.774  [INFO ] e.v.w.MainApp   msg: Bootstrapping the application...
16:48:45.051  [INFO ] e.v.w.m.SimLogicWave msg: scaling is not set, setting to 1 by default
16:48:45.053  [INFO ] e.v.w.m.ConwayGameOfLifeLogic msg: scaling is not set, setting to 1 by default
16:48:45.060  [INFO ] e.v.w.m.SimRPC  msg: scaling is not set, setting to 1 by default
16:48:45.062  [INFO ] e.v.w.m.ForestFire msg: scaling is not set, setting to 1 by default
16:51:19.268  [INFO ] e.v.w.MainApp   msg: Bootstrapping the application...
16:51:19.530  [INFO ] e.v.w.m.SimLogicWave msg: scaling is not set, setting to 1 by default
16:51:19.531  [INFO ] e.v.w.m.ConwayGameOfLifeLogic msg: scaling is not set, setting to 1 by default
16:51:19.541  [INFO ] e.v.w.m.SimRPC  msg: scaling is not set, setting to 1 by default
16:51:19.543  [INFO ] e.v.w.m.ForestFire msg: scaling is not set, setting to 1 by default
18:35:31.632  [INFO ] e.v.w.MainApp   msg: Bootstrapping the application...
18:35:31.760  [INFO ] e.v.w.m.SimLogicWave msg: scaling is not set, setting to 1 by default
18:35:31.761  [INFO ] e.v.w.m.ConwayGameOfLifeLogic msg: scaling is not set, setting to 1 by default
18:35:31.762  [INFO ] e.v.w.m.SimRPC  msg: scaling is not set, setting to 1 by default
18:35:31.763  [INFO ] e.v.w.m.ForestFire msg: scaling is not set, setting to 1 by default
18:40:13.898  [INFO ] e.v.w.MainApp   msg: Bootstrapping the application...
18:40:14.027  [INFO ] e.v.w.m.SimLogicWave msg: scaling is not set, setting to 1 by default
18:40:14.029  [INFO ] e.v.w.m.ConwayGameOfLifeLogic msg: scaling is not set, setting to 1 by default
18:40:14.030  [INFO ] e.v.w.m.SimRPC  msg: scaling is not set, setting to 1 by default
18:40:14.034  [INFO ] e.v.w.m.ForestFire msg: scaling is not set, setting to 1 by default
18:40:40.696  [INFO ] e.v.w.MainApp   msg: Bootstrapping the application...
18:40:40.826  [INFO ] e.v.w.m.SimLogicWave msg: scaling is not set, setting to 1 by default
18:40:40.827  [INFO ] e.v.w.m.ConwayGameOfLifeLogic msg: scaling is not set, setting to 1 by default
18:40:40.828  [INFO ] e.v.w.m.SimRPC  msg: scaling is not set, setting to 1 by default
18:40:40.829  [INFO ] e.v.w.m.ForestFire msg: scaling is not set, setting to 1 by default
18:41:39.833  [INFO ] e.v.w.MainApp   msg: Bootstrapping the application...
18:41:39.959  [INFO ] e.v.w.m.SimLogicWave msg: scaling is not set, setting to 1 by default
18:41:39.960  [INFO ] e.v.w.m.ConwayGameOfLifeLogic msg: scaling is not set, setting to 1 by default
18:41:39.961  [INFO ] e.v.w.m.SimRPC  msg: scaling is not set, setting to 1 by default
18:41:39.967  [INFO ] e.v.w.m.ForestFire msg: scaling is not set, setting to 1 by default
13:39:23.661  [INFO ] e.v.w.MainApp   msg: Bootstrapping the application...
13:39:23.899  [INFO ] e.v.w.m.SimLogicWave msg: scaling is not set, setting to 1 by default
13:39:23.900  [INFO ] e.v.w.m.ConwayGameOfLifeLogic msg: scaling is not set, setting to 1 by default
13:39:23.901  [INFO ] e.v.w.m.SimRPC  msg: scaling is not set, setting to 1 by default
13:39:23.903  [INFO ] e.v.w.m.ForestFire msg: scaling is not set, setting to 1 by default
13:43:34.951  [INFO ] e.v.w.MainApp   msg: Bootstrapping the application...
13:43:35.184  [INFO ] e.v.w.m.SimLogicWave msg: scaling is not set, setting to 1 by default
13:43:35.185  [INFO ] e.v.w.m.ConwayGameOfLifeLogic msg: scaling is not set, setting to 1 by default
13:43:35.187  [INFO ] e.v.w.m.SimRPC  msg: scaling is not set, setting to 1 by default
13:43:35.190  [INFO ] e.v.w.m.ForestFire msg: scaling is not set, setting to 1 by default
13:46:03.566  [INFO ] e.v.w.MainApp   msg: Bootstrapping the application...
13:46:03.800  [INFO ] e.v.w.m.SimLogicWave msg: scaling is not set, setting to 1 by default
13:46:03.801  [INFO ] e.v.w.m.ConwayGameOfLifeLogic msg: scaling is not set, setting to 1 by default
13:46:03.803  [INFO ] e.v.w.m.SimRPC  msg: scaling is not set, setting to 1 by default
13:46:03.806  [INFO ] e.v.w.m.ForestFire msg: scaling is not set, setting to 1 by default
13:47:43.119  [INFO ] e.v.w.MainApp   msg: Bootstrapping the application...
13:47:43.355  [INFO ] e.v.w.m.SimLogicWave msg: scaling is not set, setting to 1 by default
13:47:43.357  [INFO ] e.v.w.m.ConwayGameOfLifeLogic msg: scaling is not set, setting to 1 by default
13:47:43.358  [INFO ] e.v.w.m.SimRPC  msg: scaling is not set, setting to 1 by default
13:47:43.360  [INFO ] e.v.w.m.ForestFire msg: scaling is not set, setting to 1 by default
13:49:13.521  [INFO ] e.v.w.MainApp   msg: Bootstrapping the application...
13:49:13.755  [INFO ] e.v.w.m.SimLogicWave msg: scaling is not set, setting to 1 by default
13:49:13.756  [INFO ] e.v.w.m.ConwayGameOfLifeLogic msg: scaling is not set, setting to 1 by default
13:49:13.758  [INFO ] e.v.w.m.SimRPC  msg: scaling is not set, setting to 1 by default
13:49:13.761  [INFO ] e.v.w.m.ForestFire msg: scaling is not set, setting to 1 by default
13:50:04.039  [INFO ] e.v.w.MainApp   msg: Bootstrapping the application...
13:50:04.279  [INFO ] e.v.w.m.SimLogicWave msg: scaling is not set, setting to 1 by default
13:50:04.281  [INFO ] e.v.w.m.ConwayGameOfLifeLogic msg: scaling is not set, setting to 1 by default
13:50:04.282  [INFO ] e.v.w.m.SimRPC  msg: scaling is not set, setting to 1 by default
13:50:04.284  [INFO ] e.v.w.m.ForestFire msg: scaling is not set, setting to 1 by default
13:50:40.141  [INFO ] e.v.w.MainApp   msg: Bootstrapping the application...
13:50:40.383  [INFO ] e.v.w.m.SimLogicWave msg: scaling is not set, setting to 1 by default
13:50:40.384  [INFO ] e.v.w.m.ConwayGameOfLifeLogic msg: scaling is not set, setting to 1 by default
13:50:40.385  [INFO ] e.v.w.m.SimRPC  msg: scaling is not set, setting to 1 by default
13:50:40.387  [INFO ] e.v.w.m.ForestFire msg: scaling is not set, setting to 1 by default
13:51:15.133  [INFO ] e.v.w.MainApp   msg: Bootstrapping the application...
13:51:15.378  [INFO ] e.v.w.m.SimLogicWave msg: scaling is not set, setting to 1 by default
13:51:15.379  [INFO ] e.v.w.m.ConwayGameOfLifeLogic msg: scaling is not set, setting to 1 by default
13:51:15.380  [INFO ] e.v.w.m.SimRPC  msg: scaling is not set, setting to 1 by default
13:51:15.382  [INFO ] e.v.w.m.ForestFire msg: scaling is not set, setting to 1 by default
13:51:57.635  [INFO ] e.v.w.MainApp   msg: Bootstrapping the application...
13:51:57.871  [INFO ] e.v.w.m.SimLogicWave msg: scaling is not set, setting to 1 by default
13:51:57.873  [INFO ] e.v.w.m.ConwayGameOfLifeLogic msg: scaling is not set, setting to 1 by default
13:51:57.874  [INFO ] e.v.w.m.SimRPC  msg: scaling is not set, setting to 1 by default
13:51:57.876  [INFO ] e.v.w.m.ForestFire msg: scaling is not set, setting to 1 by default
13:52:30.349  [INFO ] e.v.w.MainApp   msg: Bootstrapping the application...
13:52:30.592  [INFO ] e.v.w.m.SimLogicWave msg: scaling is not set, setting to 1 by default
13:52:30.593  [INFO ] e.v.w.m.ConwayGameOfLifeLogic msg: scaling is not set, setting to 1 by default
13:52:30.594  [INFO ] e.v.w.m.SimRPC  msg: scaling is not set, setting to 1 by default
13:52:30.596  [INFO ] e.v.w.m.ForestFire msg: scaling is not set, setting to 1 by default
13:52:46.687  [INFO ] e.v.w.MainApp   msg: Bootstrapping the application...
13:52:46.925  [INFO ] e.v.w.m.SimLogicWave msg: scaling is not set, setting to 1 by default
13:52:46.926  [INFO ] e.v.w.m.ConwayGameOfLifeLogic msg: scaling is not set, setting to 1 by default
13:52:46.928  [INFO ] e.v.w.m.SimRPC  msg: scaling is not set, setting to 1 by default
13:52:46.929  [INFO ] e.v.w.m.ForestFire msg: scaling is not set, setting to 1 by default
13:53:20.843  [INFO ] e.v.w.MainApp   msg: Bootstrapping the application...
13:53:21.076  [INFO ] e.v.w.m.SimLogicWave msg: scaling is not set, setting to 1 by default
13:53:21.077  [INFO ] e.v.w.m.ConwayGameOfLifeLogic msg: scaling is not set, setting to 1 by default
13:53:21.078  [INFO ] e.v.w.m.SimRPC  msg: scaling is not set, setting to 1 by default
13:53:21.080  [INFO ] e.v.w.m.ForestFire msg: scaling is not set, setting to 1 by default
13:55:19.145  [INFO ] e.v.w.MainApp   msg: Bootstrapping the application...
13:55:19.383  [INFO ] e.v.w.m.SimLogicWave msg: scaling is not set, setting to 1 by default
13:55:19.384  [INFO ] e.v.w.m.ConwayGameOfLifeLogic msg: scaling is not set, setting to 1 by default
13:55:19.385  [INFO ] e.v.w.m.SimRPC  msg: scaling is not set, setting to 1 by default
13:55:19.386  [INFO ] e.v.w.m.ForestFire msg: scaling is not set, setting to 1 by default
13:55:42.509  [INFO ] e.v.w.MainApp   msg: Bootstrapping the application...
13:55:42.753  [INFO ] e.v.w.m.SimLogicWave msg: scaling is not set, setting to 1 by default
13:55:42.755  [INFO ] e.v.w.m.ConwayGameOfLifeLogic msg: scaling is not set, setting to 1 by default
13:55:42.756  [INFO ] e.v.w.m.SimRPC  msg: scaling is not set, setting to 1 by default
13:55:42.759  [INFO ] e.v.w.m.ForestFire msg: scaling is not set, setting to 1 by default
13:56:33.662  [INFO ] e.v.w.MainApp   msg: Bootstrapping the application...
13:56:33.900  [INFO ] e.v.w.m.SimLogicWave msg: scaling is not set, setting to 1 by default
13:56:33.901  [INFO ] e.v.w.m.ConwayGameOfLifeLogic msg: scaling is not set, setting to 1 by default
13:56:33.902  [INFO ] e.v.w.m.SimRPC  msg: scaling is not set, setting to 1 by default
13:56:33.904  [INFO ] e.v.w.m.ForestFire msg: scaling is not set, setting to 1 by default
14:10:21.871  [INFO ] e.v.w.MainApp   msg: Bootstrapping the application...
14:10:22.108  [INFO ] e.v.w.m.SimLogicWave msg: scaling is not set, setting to 1 by default
14:10:22.109  [INFO ] e.v.w.m.ConwayGameOfLifeLogic msg: scaling is not set, setting to 1 by default
14:10:22.111  [INFO ] e.v.w.m.SimRPC  msg: scaling is not set, setting to 1 by default
14:10:22.112  [INFO ] e.v.w.m.ForestFire msg: scaling is not set, setting to 1 by default
14:11:06.774  [INFO ] e.v.w.MainApp   msg: Bootstrapping the application...
14:11:07.012  [INFO ] e.v.w.m.SimLogicWave msg: scaling is not set, setting to 1 by default
14:11:07.014  [INFO ] e.v.w.m.ConwayGameOfLifeLogic msg: scaling is not set, setting to 1 by default
14:11:07.016  [INFO ] e.v.w.m.SimRPC  msg: scaling is not set, setting to 1 by default
14:11:07.017  [INFO ] e.v.w.m.ForestFire msg: scaling is not set, setting to 1 by default
14:11:31.627  [INFO ] e.v.w.MainApp   msg: Bootstrapping the application...
14:11:31.854  [INFO ] e.v.w.m.SimLogicWave msg: scaling is not set, setting to 1 by default
14:11:31.855  [INFO ] e.v.w.m.ConwayGameOfLifeLogic msg: scaling is not set, setting to 1 by default
14:11:31.857  [INFO ] e.v.w.m.SimRPC  msg: scaling is not set, setting to 1 by default
14:11:31.858  [INFO ] e.v.w.m.ForestFire msg: scaling is not set, setting to 1 by default
14:11:52.946  [INFO ] e.v.w.MainApp   msg: Bootstrapping the application...
14:11:53.188  [INFO ] e.v.w.m.SimLogicWave msg: scaling is not set, setting to 1 by default
14:11:53.189  [INFO ] e.v.w.m.ConwayGameOfLifeLogic msg: scaling is not set, setting to 1 by default
14:11:53.191  [INFO ] e.v.w.m.SimRPC  msg: scaling is not set, setting to 1 by default
14:11:53.193  [INFO ] e.v.w.m.ForestFire msg: scaling is not set, setting to 1 by default
14:13:07.295  [INFO ] e.v.w.MainApp   msg: Bootstrapping the application...
14:13:07.533  [INFO ] e.v.w.m.SimLogicWave msg: scaling is not set, setting to 1 by default
14:13:07.534  [INFO ] e.v.w.m.ConwayGameOfLifeLogic msg: scaling is not set, setting to 1 by default
14:13:07.539  [INFO ] e.v.w.m.SimRPC  msg: scaling is not set, setting to 1 by default
14:13:07.540  [INFO ] e.v.w.m.ForestFire msg: scaling is not set, setting to 1 by default
14:13:40.967  [INFO ] e.v.w.MainApp   msg: Bootstrapping the application...
14:13:41.199  [INFO ] e.v.w.m.SimLogicWave msg: scaling is not set, setting to 1 by default
14:13:41.200  [INFO ] e.v.w.m.ConwayGameOfLifeLogic msg: scaling is not set, setting to 1 by default
14:13:41.202  [INFO ] e.v.w.m.SimRPC  msg: scaling is not set, setting to 1 by default
14:13:41.203  [INFO ] e.v.w.m.ForestFire msg: scaling is not set, setting to 1 by default
14:16:01.764  [INFO ] e.v.w.MainApp   msg: Bootstrapping the application...
14:16:01.993  [INFO ] e.v.w.m.SimLogicWave msg: scaling is not set, setting to 1 by default
14:16:01.994  [INFO ] e.v.w.m.ConwayGameOfLifeLogic msg: scaling is not set, setting to 1 by default
14:16:01.997  [INFO ] e.v.w.m.SimRPC  msg: scaling is not set, setting to 1 by default
14:16:01.999  [INFO ] e.v.w.m.ForestFire msg: scaling is not set, setting to 1 by default
14:16:48.028  [INFO ] e.v.w.MainApp   msg: Bootstrapping the application...
14:16:48.272  [INFO ] e.v.w.m.SimLogicWave msg: scaling is not set, setting to 1 by default
14:16:48.273  [INFO ] e.v.w.m.ConwayGameOfLifeLogic msg: scaling is not set, setting to 1 by default
14:16:48.275  [INFO ] e.v.w.m.SimRPC  msg: scaling is not set, setting to 1 by default
14:16:48.276  [INFO ] e.v.w.m.ForestFire msg: scaling is not set, setting to 1 by default
14:19:00.614  [INFO ] e.v.w.MainApp   msg: Bootstrapping the application...
14:19:00.850  [INFO ] e.v.w.m.SimLogicWave msg: scaling is not set, setting to 1 by default
14:19:00.851  [INFO ] e.v.w.m.ConwayGameOfLifeLogic msg: scaling is not set, setting to 1 by default
14:19:00.855  [INFO ] e.v.w.m.SimRPC  msg: scaling is not set, setting to 1 by default
14:19:00.857  [INFO ] e.v.w.m.ForestFire msg: scaling is not set, setting to 1 by default
14:19:12.485  [INFO ] e.v.w.MainApp   msg: Bootstrapping the application...
14:19:12.718  [INFO ] e.v.w.m.SimLogicWave msg: scaling is not set, setting to 1 by default
14:19:12.719  [INFO ] e.v.w.m.ConwayGameOfLifeLogic msg: scaling is not set, setting to 1 by default
14:19:12.721  [INFO ] e.v.w.m.SimRPC  msg: scaling is not set, setting to 1 by default
14:19:12.722  [INFO ] e.v.w.m.ForestFire msg: scaling is not set, setting to 1 by default
14:19:55.679  [INFO ] e.v.w.MainApp   msg: Bootstrapping the application...
14:19:55.920  [INFO ] e.v.w.m.SimLogicWave msg: scaling is not set, setting to 1 by default
14:19:55.921  [INFO ] e.v.w.m.ConwayGameOfLifeLogic msg: scaling is not set, setting to 1 by default
14:19:55.924  [INFO ] e.v.w.m.SimRPC  msg: scaling is not set, setting to 1 by default
14:19:55.926  [INFO ] e.v.w.m.ForestFire msg: scaling is not set, setting to 1 by default
14:20:44.422  [INFO ] e.v.w.MainApp   msg: Bootstrapping the application...
14:20:44.655  [INFO ] e.v.w.m.SimLogicWave msg: scaling is not set, setting to 1 by default
14:20:44.657  [INFO ] e.v.w.m.ConwayGameOfLifeLogic msg: scaling is not set, setting to 1 by default
14:20:44.660  [INFO ] e.v.w.m.SimRPC  msg: scaling is not set, setting to 1 by default
14:20:44.662  [INFO ] e.v.w.m.ForestFire msg: scaling is not set, setting to 1 by default
14:26:17.239  [INFO ] e.v.w.MainApp   msg: Bootstrapping the application...
14:26:17.475  [INFO ] e.v.w.m.SimLogicWave msg: scaling is not set, setting to 1 by default
14:26:17.476  [INFO ] e.v.w.m.ConwayGameOfLifeLogic msg: scaling is not set, setting to 1 by default
14:26:17.478  [INFO ] e.v.w.m.SimRPC  msg: scaling is not set, setting to 1 by default
14:26:17.479  [INFO ] e.v.w.m.ForestFire msg: scaling is not set, setting to 1 by default
14:28:22.095  [INFO ] e.v.w.MainApp   msg: Bootstrapping the application...
14:28:22.322  [INFO ] e.v.w.m.SimLogicWave msg: scaling is not set, setting to 1 by default
14:28:22.323  [INFO ] e.v.w.m.ConwayGameOfLifeLogic msg: scaling is not set, setting to 1 by default
14:28:22.325  [INFO ] e.v.w.m.SimRPC  msg: scaling is not set, setting to 1 by default
14:28:22.327  [INFO ] e.v.w.m.ForestFire msg: scaling is not set, setting to 1 by default
14:28:49.950  [INFO ] e.v.w.MainApp   msg: Bootstrapping the application...
14:28:50.186  [INFO ] e.v.w.m.SimLogicWave msg: scaling is not set, setting to 1 by default
14:28:50.187  [INFO ] e.v.w.m.ConwayGameOfLifeLogic msg: scaling is not set, setting to 1 by default
14:28:50.189  [INFO ] e.v.w.m.SimRPC  msg: scaling is not set, setting to 1 by default
14:28:50.190  [INFO ] e.v.w.m.ForestFire msg: scaling is not set, setting to 1 by default
14:32:09.353  [INFO ] e.v.w.MainApp   msg: Bootstrapping the application...
14:32:09.587  [INFO ] e.v.w.m.SimLogicWave msg: scaling is not set, setting to 1 by default
14:32:09.589  [INFO ] e.v.w.m.ConwayGameOfLifeLogic msg: scaling is not set, setting to 1 by default
14:32:09.591  [INFO ] e.v.w.m.SimRPC  msg: scaling is not set, setting to 1 by default
14:32:09.592  [INFO ] e.v.w.m.ForestFire msg: scaling is not set, setting to 1 by default
14:34:56.232  [INFO ] e.v.w.MainApp   msg: Bootstrapping the application...
14:34:56.461  [INFO ] e.v.w.m.SimLogicWave msg: scaling is not set, setting to 1 by default
14:34:56.462  [INFO ] e.v.w.m.ConwayGameOfLifeLogic msg: scaling is not set, setting to 1 by default
14:34:56.465  [INFO ] e.v.w.m.SimRPC  msg: scaling is not set, setting to 1 by default
14:34:56.467  [INFO ] e.v.w.m.ForestFire msg: scaling is not set, setting to 1 by default
14:40:34.483  [INFO ] e.v.w.MainApp   msg: Bootstrapping the application...
14:40:34.716  [INFO ] e.v.w.m.SimLogicWave msg: scaling is not set, setting to 1 by default
14:40:34.717  [INFO ] e.v.w.m.ConwayGameOfLifeLogic msg: scaling is not set, setting to 1 by default
14:40:34.719  [INFO ] e.v.w.m.SimRPC  msg: scaling is not set, setting to 1 by default
14:40:34.721  [INFO ] e.v.w.m.ForestFire msg: scaling is not set, setting to 1 by default
14:50:42.657  [INFO ] e.v.w.MainApp   msg: Bootstrapping the application...
14:50:42.879  [INFO ] e.v.w.m.SimLogicWave msg: scaling is not set, setting to 1 by default
14:50:42.880  [INFO ] e.v.w.m.ConwayGameOfLifeLogic msg: scaling is not set, setting to 1 by default
14:50:42.882  [INFO ] e.v.w.m.SimRPC  msg: scaling is not set, setting to 1 by default
14:50:42.883  [INFO ] e.v.w.m.ForestFire msg: scaling is not set, setting to 1 by default
14:56:58.926  [INFO ] e.v.w.MainApp   msg: Bootstrapping the application...
14:56:59.157  [INFO ] e.v.w.m.SimLogicWave msg: scaling is not set, setting to 1 by default
14:56:59.158  [INFO ] e.v.w.m.ConwayGameOfLifeLogic msg: scaling is not set, setting to 1 by default
14:56:59.160  [INFO ] e.v.w.m.SimRPC  msg: scaling is not set, setting to 1 by default
14:56:59.162  [INFO ] e.v.w.m.ForestFire msg: scaling is not set, setting to 1 by default
14:57:52.343  [INFO ] e.v.w.MainApp   msg: Bootstrapping the application...
14:57:52.573  [INFO ] e.v.w.m.SimLogicWave msg: scaling is not set, setting to 1 by default
14:57:52.575  [INFO ] e.v.w.m.ConwayGameOfLifeLogic msg: scaling is not set, setting to 1 by default
14:57:52.576  [INFO ] e.v.w.m.SimRPC  msg: scaling is not set, setting to 1 by default
14:57:52.578  [INFO ] e.v.w.m.ForestFire msg: scaling is not set, setting to 1 by default
14:57:57.685  [INFO ] e.v.w.MainApp   msg: Bootstrapping the application...
14:57:57.930  [INFO ] e.v.w.m.SimLogicWave msg: scaling is not set, setting to 1 by default
14:57:57.932  [INFO ] e.v.w.m.ConwayGameOfLifeLogic msg: scaling is not set, setting to 1 by default
14:57:57.934  [INFO ] e.v.w.m.SimRPC  msg: scaling is not set, setting to 1 by default
14:57:57.935  [INFO ] e.v.w.m.ForestFire msg: scaling is not set, setting to 1 by default
14:58:55.092  [INFO ] e.v.w.MainApp   msg: Bootstrapping the application...
14:58:55.326  [INFO ] e.v.w.m.SimLogicWave msg: scaling is not set, setting to 1 by default
14:58:55.328  [INFO ] e.v.w.m.ConwayGameOfLifeLogic msg: scaling is not set, setting to 1 by default
14:58:55.330  [INFO ] e.v.w.m.SimRPC  msg: scaling is not set, setting to 1 by default
14:58:55.332  [INFO ] e.v.w.m.ForestFire msg: scaling is not set, setting to 1 by default
14:59:49.706  [INFO ] e.v.w.MainApp   msg: Bootstrapping the application...
14:59:49.948  [INFO ] e.v.w.m.SimLogicWave msg: scaling is not set, setting to 1 by default
14:59:49.949  [INFO ] e.v.w.m.ConwayGameOfLifeLogic msg: scaling is not set, setting to 1 by default
14:59:49.952  [INFO ] e.v.w.m.SimRPC  msg: scaling is not set, setting to 1 by default
14:59:49.953  [INFO ] e.v.w.m.ForestFire msg: scaling is not set, setting to 1 by default
15:00:20.774  [INFO ] e.v.w.MainApp   msg: Bootstrapping the application...
15:00:21.010  [INFO ] e.v.w.m.SimLogicWave msg: scaling is not set, setting to 1 by default
15:00:21.011  [INFO ] e.v.w.m.ConwayGameOfLifeLogic msg: scaling is not set, setting to 1 by default
15:00:21.013  [INFO ] e.v.w.m.SimRPC  msg: scaling is not set, setting to 1 by default
15:00:21.014  [INFO ] e.v.w.m.ForestFire msg: scaling is not set, setting to 1 by default
15:01:20.515  [INFO ] e.v.w.MainApp   msg: Bootstrapping the application...
15:01:20.751  [INFO ] e.v.w.m.SimLogicWave msg: scaling is not set, setting to 1 by default
15:01:20.752  [INFO ] e.v.w.m.ConwayGameOfLifeLogic msg: scaling is not set, setting to 1 by default
15:01:20.755  [INFO ] e.v.w.m.SimRPC  msg: scaling is not set, setting to 1 by default
15:01:20.757  [INFO ] e.v.w.m.ForestFire msg: scaling is not set, setting to 1 by default
15:04:16.989  [INFO ] e.v.w.MainApp   msg: Bootstrapping the application...
15:04:17.227  [INFO ] e.v.w.m.SimLogicWave msg: scaling is not set, setting to 1 by default
15:04:17.228  [INFO ] e.v.w.m.ConwayGameOfLifeLogic msg: scaling is not set, setting to 1 by default
15:04:17.231  [INFO ] e.v.w.m.SimRPC  msg: scaling is not set, setting to 1 by default
15:04:17.232  [INFO ] e.v.w.m.ForestFire msg: scaling is not set, setting to 1 by default
15:04:45.109  [INFO ] e.v.w.MainApp   msg: Bootstrapping the application...
15:04:45.344  [INFO ] e.v.w.m.SimLogicWave msg: scaling is not set, setting to 1 by default
15:04:45.346  [INFO ] e.v.w.m.ConwayGameOfLifeLogic msg: scaling is not set, setting to 1 by default
15:04:45.348  [INFO ] e.v.w.m.SimRPC  msg: scaling is not set, setting to 1 by default
15:04:45.350  [INFO ] e.v.w.m.ForestFire msg: scaling is not set, setting to 1 by default
15:05:50.359  [INFO ] e.v.w.MainApp   msg: Bootstrapping the application...
15:05:50.594  [INFO ] e.v.w.m.SimLogicWave msg: scaling is not set, setting to 1 by default
15:05:50.595  [INFO ] e.v.w.m.ConwayGameOfLifeLogic msg: scaling is not set, setting to 1 by default
15:05:50.597  [INFO ] e.v.w.m.SimRPC  msg: scaling is not set, setting to 1 by default
15:05:50.599  [INFO ] e.v.w.m.ForestFire msg: scaling is not set, setting to 1 by default
15:06:18.072  [INFO ] e.v.w.MainApp   msg: Bootstrapping the application...
15:06:18.308  [INFO ] e.v.w.m.SimLogicWave msg: scaling is not set, setting to 1 by default
15:06:18.310  [INFO ] e.v.w.m.ConwayGameOfLifeLogic msg: scaling is not set, setting to 1 by default
15:06:18.312  [INFO ] e.v.w.m.SimRPC  msg: scaling is not set, setting to 1 by default
15:06:18.313  [INFO ] e.v.w.m.ForestFire msg: scaling is not set, setting to 1 by default
15:07:12.153  [INFO ] e.v.w.MainApp   msg: Bootstrapping the application...
15:07:12.385  [INFO ] e.v.w.m.SimLogicWave msg: scaling is not set, setting to 1 by default
15:07:12.386  [INFO ] e.v.w.m.ConwayGameOfLifeLogic msg: scaling is not set, setting to 1 by default
15:07:12.388  [INFO ] e.v.w.m.SimRPC  msg: scaling is not set, setting to 1 by default
15:07:12.390  [INFO ] e.v.w.m.ForestFire msg: scaling is not set, setting to 1 by default
15:07:45.503  [INFO ] e.v.w.MainApp   msg: Bootstrapping the application...
15:07:45.743  [INFO ] e.v.w.m.SimLogicWave msg: scaling is not set, setting to 1 by default
15:07:45.744  [INFO ] e.v.w.m.ConwayGameOfLifeLogic msg: scaling is not set, setting to 1 by default
15:07:45.747  [INFO ] e.v.w.m.SimRPC  msg: scaling is not set, setting to 1 by default
15:07:45.748  [INFO ] e.v.w.m.ForestFire msg: scaling is not set, setting to 1 by default
15:09:04.019  [INFO ] e.v.w.MainApp   msg: Bootstrapping the application...
15:09:04.254  [INFO ] e.v.w.m.SimLogicWave msg: scaling is not set, setting to 1 by default
15:09:04.255  [INFO ] e.v.w.m.ConwayGameOfLifeLogic msg: scaling is not set, setting to 1 by default
15:09:04.257  [INFO ] e.v.w.m.SimRPC  msg: scaling is not set, setting to 1 by default
15:09:04.259  [INFO ] e.v.w.m.ForestFire msg: scaling is not set, setting to 1 by default
15:18:34.025  [INFO ] e.v.w.MainApp   msg: Bootstrapping the application...
15:18:34.261  [INFO ] e.v.w.m.SimLogicWave msg: scaling is not set, setting to 1 by default
15:18:34.262  [INFO ] e.v.w.m.ConwayGameOfLifeLogic msg: scaling is not set, setting to 1 by default
15:18:34.264  [INFO ] e.v.w.m.SimRPC  msg: scaling is not set, setting to 1 by default
15:18:34.267  [INFO ] e.v.w.m.ForestFire msg: scaling is not set, setting to 1 by default
15:18:42.732  [INFO ] e.v.w.MainApp   msg: Bootstrapping the application...
15:18:42.973  [INFO ] e.v.w.m.SimLogicWave msg: scaling is not set, setting to 1 by default
15:18:42.974  [INFO ] e.v.w.m.ConwayGameOfLifeLogic msg: scaling is not set, setting to 1 by default
15:18:42.976  [INFO ] e.v.w.m.SimRPC  msg: scaling is not set, setting to 1 by default
15:18:42.979  [INFO ] e.v.w.m.ForestFire msg: scaling is not set, setting to 1 by default
15:19:53.595  [INFO ] e.v.w.MainApp   msg: Bootstrapping the application...
15:19:53.828  [INFO ] e.v.w.m.SimLogicWave msg: scaling is not set, setting to 1 by default
15:19:53.829  [INFO ] e.v.w.m.ConwayGameOfLifeLogic msg: scaling is not set, setting to 1 by default
15:19:53.832  [INFO ] e.v.w.m.SimRPC  msg: scaling is not set, setting to 1 by default
15:19:53.833  [INFO ] e.v.w.m.ForestFire msg: scaling is not set, setting to 1 by default
15:20:41.225  [INFO ] e.v.w.MainApp   msg: Bootstrapping the application...
15:20:41.455  [INFO ] e.v.w.m.SimLogicWave msg: scaling is not set, setting to 1 by default
15:20:41.456  [INFO ] e.v.w.m.ConwayGameOfLifeLogic msg: scaling is not set, setting to 1 by default
15:20:41.459  [INFO ] e.v.w.m.SimRPC  msg: scaling is not set, setting to 1 by default
15:20:41.461  [INFO ] e.v.w.m.ForestFire msg: scaling is not set, setting to 1 by default
15:21:02.572  [INFO ] e.v.w.MainApp   msg: Bootstrapping the application...
15:21:02.817  [INFO ] e.v.w.m.SimLogicWave msg: scaling is not set, setting to 1 by default
15:21:02.818  [INFO ] e.v.w.m.ConwayGameOfLifeLogic msg: scaling is not set, setting to 1 by default
15:21:02.820  [INFO ] e.v.w.m.SimRPC  msg: scaling is not set, setting to 1 by default
15:21:02.822  [INFO ] e.v.w.m.ForestFire msg: scaling is not set, setting to 1 by default
15:22:23.852  [INFO ] e.v.w.MainApp   msg: Bootstrapping the application...
15:22:24.083  [INFO ] e.v.w.m.SimLogicWave msg: scaling is not set, setting to 1 by default
15:22:24.085  [INFO ] e.v.w.m.ConwayGameOfLifeLogic msg: scaling is not set, setting to 1 by default
15:22:24.087  [INFO ] e.v.w.m.SimRPC  msg: scaling is not set, setting to 1 by default
15:22:24.088  [INFO ] e.v.w.m.ForestFire msg: scaling is not set, setting to 1 by default
15:24:40.298  [INFO ] e.v.w.MainApp   msg: Bootstrapping the application...
15:24:40.535  [INFO ] e.v.w.m.SimLogicWave msg: scaling is not set, setting to 1 by default
15:24:40.536  [INFO ] e.v.w.m.ConwayGameOfLifeLogic msg: scaling is not set, setting to 1 by default
15:24:40.538  [INFO ] e.v.w.m.SimRPC  msg: scaling is not set, setting to 1 by default
15:24:40.539  [INFO ] e.v.w.m.ForestFire msg: scaling is not set, setting to 1 by default
15:24:57.798  [INFO ] e.v.w.MainApp   msg: Bootstrapping the application...
15:24:58.034  [INFO ] e.v.w.m.SimLogicWave msg: scaling is not set, setting to 1 by default
15:24:58.035  [INFO ] e.v.w.m.ConwayGameOfLifeLogic msg: scaling is not set, setting to 1 by default
15:24:58.037  [INFO ] e.v.w.m.SimRPC  msg: scaling is not set, setting to 1 by default
15:24:58.039  [INFO ] e.v.w.m.ForestFire msg: scaling is not set, setting to 1 by default
15:26:05.574  [INFO ] e.v.w.MainApp   msg: Bootstrapping the application...
15:26:05.801  [INFO ] e.v.w.m.SimLogicWave msg: scaling is not set, setting to 1 by default
15:26:05.802  [INFO ] e.v.w.m.ConwayGameOfLifeLogic msg: scaling is not set, setting to 1 by default
15:26:05.805  [INFO ] e.v.w.m.SimRPC  msg: scaling is not set, setting to 1 by default
15:26:05.807  [INFO ] e.v.w.m.ForestFire msg: scaling is not set, setting to 1 by default
15:26:38.308  [INFO ] e.v.w.MainApp   msg: Bootstrapping the application...
15:26:38.547  [INFO ] e.v.w.m.SimLogicWave msg: scaling is not set, setting to 1 by default
15:26:38.548  [INFO ] e.v.w.m.ConwayGameOfLifeLogic msg: scaling is not set, setting to 1 by default
15:26:38.550  [INFO ] e.v.w.m.SimRPC  msg: scaling is not set, setting to 1 by default
15:26:38.552  [INFO ] e.v.w.m.ForestFire msg: scaling is not set, setting to 1 by default
15:27:02.977  [INFO ] e.v.w.MainApp   msg: Bootstrapping the application...
15:27:03.216  [INFO ] e.v.w.m.SimLogicWave msg: scaling is not set, setting to 1 by default
15:27:03.217  [INFO ] e.v.w.m.ConwayGameOfLifeLogic msg: scaling is not set, setting to 1 by default
15:27:03.219  [INFO ] e.v.w.m.SimRPC  msg: scaling is not set, setting to 1 by default
15:27:03.220  [INFO ] e.v.w.m.ForestFire msg: scaling is not set, setting to 1 by default
15:27:51.401  [INFO ] e.v.w.MainApp   msg: Bootstrapping the application...
15:27:51.625  [INFO ] e.v.w.m.SimLogicWave msg: scaling is not set, setting to 1 by default
15:27:51.626  [INFO ] e.v.w.m.ConwayGameOfLifeLogic msg: scaling is not set, setting to 1 by default
15:27:51.628  [INFO ] e.v.w.m.SimRPC  msg: scaling is not set, setting to 1 by default
15:27:51.629  [INFO ] e.v.w.m.ForestFire msg: scaling is not set, setting to 1 by default
15:29:09.230  [INFO ] e.v.w.MainApp   msg: Bootstrapping the application...
15:29:09.475  [INFO ] e.v.w.m.SimLogicWave msg: scaling is not set, setting to 1 by default
15:29:09.476  [INFO ] e.v.w.m.ConwayGameOfLifeLogic msg: scaling is not set, setting to 1 by default
15:29:09.478  [INFO ] e.v.w.m.SimRPC  msg: scaling is not set, setting to 1 by default
15:29:09.480  [INFO ] e.v.w.m.ForestFire msg: scaling is not set, setting to 1 by default
15:30:07.596  [INFO ] e.v.w.MainApp   msg: Bootstrapping the application...
15:30:07.835  [INFO ] e.v.w.m.SimLogicWave msg: scaling is not set, setting to 1 by default
15:30:07.836  [INFO ] e.v.w.m.ConwayGameOfLifeLogic msg: scaling is not set, setting to 1 by default
15:30:07.840  [INFO ] e.v.w.m.SimRPC  msg: scaling is not set, setting to 1 by default
15:30:07.842  [INFO ] e.v.w.m.ForestFire msg: scaling is not set, setting to 1 by default
15:34:05.476  [INFO ] e.v.w.MainApp   msg: Bootstrapping the application...
15:34:05.710  [INFO ] e.v.w.m.SimLogicWave msg: scaling is not set, setting to 1 by default
15:34:05.711  [INFO ] e.v.w.m.ConwayGameOfLifeLogic msg: scaling is not set, setting to 1 by default
15:34:05.713  [INFO ] e.v.w.m.SimRPC  msg: scaling is not set, setting to 1 by default
15:34:05.715  [INFO ] e.v.w.m.ForestFire msg: scaling is not set, setting to 1 by default
15:35:29.554  [INFO ] e.v.w.MainApp   msg: Bootstrapping the application...
15:35:29.792  [INFO ] e.v.w.m.SimLogicWave msg: scaling is not set, setting to 1 by default
15:35:29.793  [INFO ] e.v.w.m.ConwayGameOfLifeLogic msg: scaling is not set, setting to 1 by default
15:35:29.795  [INFO ] e.v.w.m.SimRPC  msg: scaling is not set, setting to 1 by default
15:35:29.797  [INFO ] e.v.w.m.ForestFire msg: scaling is not set, setting to 1 by default
15:35:58.776  [INFO ] e.v.w.MainApp   msg: Bootstrapping the application...
15:35:59.006  [INFO ] e.v.w.m.SimLogicWave msg: scaling is not set, setting to 1 by default
15:35:59.007  [INFO ] e.v.w.m.ConwayGameOfLifeLogic msg: scaling is not set, setting to 1 by default
15:35:59.009  [INFO ] e.v.w.m.SimRPC  msg: scaling is not set, setting to 1 by default
15:35:59.010  [INFO ] e.v.w.m.ForestFire msg: scaling is not set, setting to 1 by default
15:36:17.965  [INFO ] e.v.w.MainApp   msg: Bootstrapping the application...
15:36:18.201  [INFO ] e.v.w.m.SimLogicWave msg: scaling is not set, setting to 1 by default
15:36:18.202  [INFO ] e.v.w.m.ConwayGameOfLifeLogic msg: scaling is not set, setting to 1 by default
15:36:18.205  [INFO ] e.v.w.m.SimRPC  msg: scaling is not set, setting to 1 by default
15:36:18.206  [INFO ] e.v.w.m.ForestFire msg: scaling is not set, setting to 1 by default
15:37:01.512  [INFO ] e.v.w.MainApp   msg: Bootstrapping the application...
15:37:01.749  [INFO ] e.v.w.m.SimLogicWave msg: scaling is not set, setting to 1 by default
15:37:01.750  [INFO ] e.v.w.m.ConwayGameOfLifeLogic msg: scaling is not set, setting to 1 by default
15:37:01.752  [INFO ] e.v.w.m.SimRPC  msg: scaling is not set, setting to 1 by default
15:37:01.754  [INFO ] e.v.w.m.ForestFire msg: scaling is not set, setting to 1 by default
15:38:04.217  [INFO ] e.v.w.MainApp   msg: Bootstrapping the application...
15:38:04.454  [INFO ] e.v.w.m.SimLogicWave msg: scaling is not set, setting to 1 by default
15:38:04.455  [INFO ] e.v.w.m.ConwayGameOfLifeLogic msg: scaling is not set, setting to 1 by default
15:38:04.457  [INFO ] e.v.w.m.SimRPC  msg: scaling is not set, setting to 1 by default
15:38:04.458  [INFO ] e.v.w.m.ForestFire msg: scaling is not set, setting to 1 by default
15:39:24.792  [INFO ] e.v.w.MainApp   msg: Bootstrapping the application...
15:39:25.021  [INFO ] e.v.w.m.SimLogicWave msg: scaling is not set, setting to 1 by default
15:39:25.022  [INFO ] e.v.w.m.ConwayGameOfLifeLogic msg: scaling is not set, setting to 1 by default
15:39:25.025  [INFO ] e.v.w.m.SimRPC  msg: scaling is not set, setting to 1 by default
15:39:25.026  [INFO ] e.v.w.m.ForestFire msg: scaling is not set, setting to 1 by default
15:39:37.743  [INFO ] e.v.w.MainApp   msg: Bootstrapping the application...
15:39:37.960  [INFO ] e.v.w.m.SimLogicWave msg: scaling is not set, setting to 1 by default
15:39:37.961  [INFO ] e.v.w.m.ConwayGameOfLifeLogic msg: scaling is not set, setting to 1 by default
15:39:37.964  [INFO ] e.v.w.m.SimRPC  msg: scaling is not set, setting to 1 by default
15:39:37.965  [INFO ] e.v.w.m.ForestFire msg: scaling is not set, setting to 1 by default
15:41:32.555  [INFO ] e.v.w.MainApp   msg: Bootstrapping the application...
15:41:32.791  [INFO ] e.v.w.m.SimLogicWave msg: scaling is not set, setting to 1 by default
15:41:32.792  [INFO ] e.v.w.m.ConwayGameOfLifeLogic msg: scaling is not set, setting to 1 by default
15:41:32.795  [INFO ] e.v.w.m.SimRPC  msg: scaling is not set, setting to 1 by default
15:41:32.796  [INFO ] e.v.w.m.ForestFire msg: scaling is not set, setting to 1 by default
15:42:22.397  [INFO ] e.v.w.MainApp   msg: Bootstrapping the application...
15:42:22.632  [INFO ] e.v.w.m.SimLogicWave msg: scaling is not set, setting to 1 by default
15:42:22.633  [INFO ] e.v.w.m.ConwayGameOfLifeLogic msg: scaling is not set, setting to 1 by default
15:42:22.635  [INFO ] e.v.w.m.SimRPC  msg: scaling is not set, setting to 1 by default
15:42:22.636  [INFO ] e.v.w.m.ForestFire msg: scaling is not set, setting to 1 by default
15:43:25.250  [INFO ] e.v.w.MainApp   msg: Bootstrapping the application...
15:43:25.464  [INFO ] e.v.w.m.SimLogicWave msg: scaling is not set, setting to 1 by default
15:43:25.465  [INFO ] e.v.w.m.ConwayGameOfLifeLogic msg: scaling is not set, setting to 1 by default
15:43:25.467  [INFO ] e.v.w.m.SimRPC  msg: scaling is not set, setting to 1 by default
15:43:25.468  [INFO ] e.v.w.m.ForestFire msg: scaling is not set, setting to 1 by default
15:44:31.286  [INFO ] e.v.w.MainApp   msg: Bootstrapping the application...
15:44:31.520  [INFO ] e.v.w.m.SimLogicWave msg: scaling is not set, setting to 1 by default
15:44:31.521  [INFO ] e.v.w.m.ConwayGameOfLifeLogic msg: scaling is not set, setting to 1 by default
15:44:31.522  [INFO ] e.v.w.m.SimRPC  msg: scaling is not set, setting to 1 by default
15:44:31.524  [INFO ] e.v.w.m.ForestFire msg: scaling is not set, setting to 1 by default
